[14:46:41] [main/INFO] (FabricLoader) Loading for game Minecraft 1.5.2
[14:46:41] [main/DEBUG] (FabricLoader) Requesting deobfuscation of dev.jar
[14:46:41] [main/DEBUG] (FabricLoader) [Knot] Proposed file:/home/umnganewami/Documents/BTW-gradle-fabric-example-master/build/dev_run/dev.jar to classpath.
[14:46:41] [main/DEBUG] (FabricLoader|EntrypointTransformer) Found game constructor: net.minecraft.client.main.Main -> net.minecraft.client.Minecraft
[14:46:41] [main/DEBUG] (FabricLoader|EntrypointTransformer) Patching game constructor startGame()V
[14:46:41] [main/DEBUG] (FabricLoader|EntrypointTransformer) Run directory field is thought to be net/minecraft/client/Minecraft/mcDataDir
[14:46:41] [main/DEBUG] (FabricLoader|EntrypointTransformer) Applying brand name hook to net/minecraft/client/ClientBrandRetriever::getClientModName
[14:46:41] [main/DEBUG] (FabricLoader|EntrypointTransformer) Applying brand name hook to net/minecraft/server/MinecraftServer::getServerModName
[14:46:41] [main/DEBUG] (FabricLoader|EntrypointTransformer) [EntrypointTransformer] Patched 3 classes.
[14:46:41] [main/DEBUG] (Fabric|Loader) [ClasspathModCandidateFinder] Adding dev classpath directories to classpath.
[14:46:41] [main/DEBUG] (FabricLoader) [Knot] Proposed file:/home/umnganewami/Documents/BTW-gradle-fabric-example-master/build/classes/java/main/ to classpath.
[14:46:41] [main/DEBUG] (Fabric|Loader) [ClasspathModCandidateFinder] Processing /home/umnganewami/Documents/BTW-gradle-fabric-example-master/.gradle/loom-cache/remapped_mods/null_unspecified_1_5_2_1_0/io/github/minecraft-cursed-legacy/cursed-fabric-loader/1.0.0/cursed-fabric-loader-1.0.0.jar
[14:46:41] [main/DEBUG] (Fabric|Loader) [ClasspathModCandidateFinder] Processing /home/umnganewami/Documents/BTW-gradle-fabric-example-master/build/resources/main/
[14:46:41] [ForkJoinPool-1-worker-5/DEBUG] (Fabric|Loader) Testing file:/home/umnganewami/Documents/BTW-gradle-fabric-example-master/build/resources/main/
[14:46:41] [ForkJoinPool-1-worker-3/DEBUG] (Fabric|Loader) Testing file:/home/umnganewami/Documents/BTW-gradle-fabric-example-master/.gradle/loom-cache/remapped_mods/null_unspecified_1_5_2_1_0/io/github/minecraft-cursed-legacy/cursed-fabric-loader/1.0.0/cursed-fabric-loader-1.0.0.jar
[14:46:41] [ForkJoinPool-1-worker-5/DEBUG] (Fabric|Loader) Adding file:/home/umnganewami/Documents/BTW-gradle-fabric-example-master/build/resources/main/ as ModCandidate{wtb@1.0.0}
[14:46:41] [ForkJoinPool-1-worker-3/DEBUG] (Fabric|Loader) Adding file:/home/umnganewami/Documents/BTW-gradle-fabric-example-master/.gradle/loom-cache/remapped_mods/null_unspecified_1_5_2_1_0/io/github/minecraft-cursed-legacy/cursed-fabric-loader/1.0.0/cursed-fabric-loader-1.0.0.jar as ModCandidate{fabricloader@1.0.0}
[14:46:41] [ForkJoinPool-1-worker-5/DEBUG] (Fabric|Loader) Searching for nested JARs in ModCandidate{wtb@1.0.0}
[14:46:41] [ForkJoinPool-1-worker-3/DEBUG] (Fabric|Loader) Searching for nested JARs in ModCandidate{fabricloader@1.0.0}
[14:46:41] [ForkJoinPool-1-worker-5/DEBUG] (Fabric|Loader) file:/home/umnganewami/Documents/BTW-gradle-fabric-example-master/build/resources/main/
[14:46:41] [ForkJoinPool-1-worker-3/DEBUG] (Fabric|Loader) file:/home/umnganewami/Documents/BTW-gradle-fabric-example-master/.gradle/loom-cache/remapped_mods/null_unspecified_1_5_2_1_0/io/github/minecraft-cursed-legacy/cursed-fabric-loader/1.0.0/cursed-fabric-loader-1.0.0.jar
[14:46:41] [main/DEBUG] (Fabric|Loader) Mod resolution detection time: 38ms
[14:46:41] [main/DEBUG] (Fabric|Loader) Mod resolution time: 9ms
[14:46:41] [main/INFO] (Fabric|Loader) [FabricLoaderImpl] Loading 4 mods: minecraft@1.5.2, java@11, wtb@1.0.0, fabricloader@1.0.0
[14:46:41] [main/DEBUG] (FabricLoader) [Knot] Proposed file:/home/umnganewami/Documents/BTW-gradle-fabric-example-master/build/resources/main/ to classpath.
[14:46:41] [main/DEBUG] (Fabric|Loader) Registering new-style initializer wamis.tool.box.WamisToolBox for mod wtb (key init)
[14:46:41] [main/DEBUG] (Fabric|Loader) Registering new-style initializer wamis.tool.box.ExamplePreLaunchInitializer for mod wtb (key preLaunch)
[14:46:41] [main/DEBUG] (mixin) Mixin bootstrap service org.spongepowered.asm.service.mojang.MixinServiceLaunchWrapperBootstrap is not available: LaunchWrapper is not available
[14:46:41] [main/DEBUG] (mixin) Mixin bootstrap service org.spongepowered.asm.service.modlauncher.MixinServiceModLauncherBootstrap is not available: ModLauncher is not available
[14:46:41] [main/DEBUG] (mixin) MixinService [LaunchWrapper] is not valid
[14:46:41] [main/DEBUG] (mixin) MixinService [ModLauncher] is not valid
[14:46:41] [main/DEBUG] (mixin) MixinService [Knot/Fabric] was successfully booted in jdk.internal.loader.ClassLoaders$AppClassLoader@55054057
[14:46:41] [main/INFO] (mixin) SpongePowered MIXIN Subsystem Version=0.8.2 Source=file:/root/.gradle/caches/modules-2/files-2.1/net.fabricmc/sponge-mixin/0.9.2+mixin.0.8.2/12c437eebf031967eaa7daad861e115932772cc7/sponge-mixin-0.9.2+mixin.0.8.2.jar Service=Knot/Fabric Env=CLIENT
[14:46:41] [main/DEBUG] (mixin) Initialising Mixin Platform Manager
[14:46:41] [main/DEBUG] (mixin) Adding mixin platform agents for container ContainerHandleURI(file:/home/umnganewami/Documents/BTW-gradle-fabric-example-master/.gradle/loom-cache/remapped_mods/null_unspecified_1_5_2_1_0/io/github/minecraft-cursed-legacy/cursed-fabric-loader/1.0.0/cursed-fabric-loader-1.0.0.jar)
[14:46:41] [main/DEBUG] (mixin) Instancing new MixinPlatformAgentDefault for ContainerHandleURI(file:/home/umnganewami/Documents/BTW-gradle-fabric-example-master/.gradle/loom-cache/remapped_mods/null_unspecified_1_5_2_1_0/io/github/minecraft-cursed-legacy/cursed-fabric-loader/1.0.0/cursed-fabric-loader-1.0.0.jar)
[14:46:41] [main/DEBUG] (mixin) MixinPlatformAgentDefault accepted container ContainerHandleURI(file:/home/umnganewami/Documents/BTW-gradle-fabric-example-master/.gradle/loom-cache/remapped_mods/null_unspecified_1_5_2_1_0/io/github/minecraft-cursed-legacy/cursed-fabric-loader/1.0.0/cursed-fabric-loader-1.0.0.jar)
[14:46:41] [main/DEBUG] (mixin) Instancing new MixinPlatformAgentDefault for ContainerHandleURI(file:/home/umnganewami/Documents/BTW-gradle-fabric-example-master/.gradle/loom-cache/remapped_mods/null_unspecified_1_5_2_1_0/io/github/minecraft-cursed-legacy/cursed-fabric-loader/1.0.0/cursed-fabric-loader-1.0.0.jar)
[14:46:41] [main/DEBUG] (mixin) MixinPlatformAgentDefault accepted container ContainerHandleURI(file:/home/umnganewami/Documents/BTW-gradle-fabric-example-master/.gradle/loom-cache/remapped_mods/null_unspecified_1_5_2_1_0/io/github/minecraft-cursed-legacy/cursed-fabric-loader/1.0.0/cursed-fabric-loader-1.0.0.jar)
[14:46:41] [main/DEBUG] (mixin) Processing prepare() for PlatformAgent[MixinPlatformAgentDefault:ContainerHandleURI(file:/home/umnganewami/Documents/BTW-gradle-fabric-example-master/.gradle/loom-cache/remapped_mods/null_unspecified_1_5_2_1_0/io/github/minecraft-cursed-legacy/cursed-fabric-loader/1.0.0/cursed-fabric-loader-1.0.0.jar)]
[14:46:41] [main/DEBUG] (mixin) Processing prepare() for PlatformAgent[MixinPlatformAgentDefault:ContainerHandleURI(file:/home/umnganewami/Documents/BTW-gradle-fabric-example-master/.gradle/loom-cache/remapped_mods/null_unspecified_1_5_2_1_0/io/github/minecraft-cursed-legacy/cursed-fabric-loader/1.0.0/cursed-fabric-loader-1.0.0.jar)]
[14:46:42] [main/DEBUG] (FabricLoader) Loading mappings took 82 ms
[14:46:42] [main/INFO] (Fabric|MixinBootstrap) Loaded Fabric development mappings for mixin remapper!
[14:46:42] [main/DEBUG] (mixin) Error cleaning class output directory: .mixin.out/class: failed to delete one or more files; see suppressed exceptions for details
[14:46:42] [main/DEBUG] (Fabric|Loader) Iterating over entrypoint 'preLaunch'
[14:46:42] [main/DEBUG] (mixin) Preparing mixins for MixinEnvironment[DEFAULT]
[14:46:42] [main/DEBUG] (mixin) Selecting config wtb.mixins.json
[14:46:42] [main/DEBUG] (mixin) Preparing wtb.mixins.json (3)
[14:46:42] [main/DEBUG] (mixin) Registering new injector for @Inject with org.spongepowered.asm.mixin.injection.struct.CallbackInjectionInfo
[14:46:42] [main/DEBUG] (mixin) Registering new injector for @ModifyArg with org.spongepowered.asm.mixin.injection.struct.ModifyArgInjectionInfo
[14:46:42] [main/DEBUG] (mixin) Registering new injector for @ModifyArgs with org.spongepowered.asm.mixin.injection.struct.ModifyArgsInjectionInfo
[14:46:42] [main/DEBUG] (mixin) Registering new injector for @Redirect with org.spongepowered.asm.mixin.injection.struct.RedirectInjectionInfo
[14:46:42] [main/DEBUG] (mixin) Registering new injector for @ModifyVariable with org.spongepowered.asm.mixin.injection.struct.ModifyVariableInjectionInfo
[14:46:42] [main/DEBUG] (mixin) Registering new injector for @ModifyConstant with org.spongepowered.asm.mixin.injection.struct.ModifyConstantInjectionInfo
[14:46:42] [main/DEBUG] (mixin) Mixing ExampleMixin from wtb.mixins.json into btw.BTWAddon
[14:46:44] [main/DEBUG] (mixin) Mixing RecipesMixin from wtb.mixins.json into btw.crafting.recipe.CraftingRecipeList
[14:46:45] [Minecraft main thread/DEBUG] (Fabric|Loader) Iterating over entrypoint 'init'
[14:46:45] [Minecraft main thread/DEBUG] (Fabric|Loader) No subscribers for entrypoint 'client'
[14:46:45] [Minecraft main thread/DEBUG] (Fabric|Loader) No subscribers for entrypoint 'postInit'
[14:48:26] [Server thread/DEBUG] (mixin) Mixing TimeMixin from wtb.mixins.json into net.minecraft.src.WorldServer
