2023-09-13 14:34:37 [SERVER] [INFO] Starting integrated minecraft server version 1.5.2
2023-09-13 14:34:37 [SERVER] [INFO] Generating keypair
2023-09-13 14:34:37 [SERVER] [INFO] Converting map!
2023-09-13 14:34:37 [SERVER] [INFO] Scanning folders...
2023-09-13 14:34:37 [SERVER] [INFO] Total conversion count is 0
2023-09-13 14:34:38 [SERVER] [INFO] Preparing start region for level 0
2023-09-13 14:34:39 [SERVER] [INFO] Preparing spawn area: 11%
2023-09-13 14:34:40 [SERVER] [INFO] Preparing spawn area: 23%
2023-09-13 14:34:41 [SERVER] [INFO] Preparing spawn area: 36%
2023-09-13 14:34:42 [SERVER] [INFO] Preparing spawn area: 51%
2023-09-13 14:34:43 [SERVER] [INFO] Preparing spawn area: 69%
2023-09-13 14:34:44 [SERVER] [INFO] Preparing spawn area: 89%
2023-09-13 14:34:45 [SERVER] [INFO] ...Add-On Handler Loading Custom Language File With Prefix: BTW...
2023-09-13 14:34:45 [SERVER] [INFO] ...Add-On Handler Loading Custom Language File With Prefix: WTB...
2023-09-13 14:34:45 [SERVER] [INFO] ...Add-On Handler Loading Custom Language File With Prefix: WTB...
2023-09-13 14:34:45 [SERVER] [INFO] ...Add-On Handler Loading Custom Language File With Prefix: BTW...
2023-09-13 14:34:45 [SERVER] [INFO] Player457[/127.0.0.1:0] logged in with entity id 253 at (174.5, 84.0, 266.5)
2023-09-13 14:34:46 [SERVER] [INFO] Saving and pausing game...
2023-09-13 14:34:46 [SERVER] [INFO] Saving chunks for level 'New World'/Overworld
2023-09-13 14:34:46 [SERVER] [INFO] Saving chunks for level 'New World'/Nether
2023-09-13 14:34:46 [SERVER] [INFO] Saving chunks for level 'New World'/The End
2023-09-13 14:35:38 [SERVER] [INFO] Saving and pausing game...
2023-09-13 14:35:38 [SERVER] [INFO] Saving chunks for level 'New World'/Overworld
2023-09-13 14:35:38 [SERVER] [INFO] Saving chunks for level 'New World'/Nether
2023-09-13 14:35:38 [SERVER] [INFO] Saving chunks for level 'New World'/The End
2023-09-13 14:35:38 [SERVER] [INFO] Stopping server
2023-09-13 14:35:38 [SERVER] [INFO] Saving players
2023-09-13 14:35:39 [SERVER] [INFO] Saving worlds
2023-09-13 14:35:39 [SERVER] [INFO] Saving chunks for level 'New World'/Overworld
2023-09-13 14:35:39 [SERVER] [INFO] Saving chunks for level 'New World'/Nether
2023-09-13 14:35:39 [SERVER] [INFO] Saving chunks for level 'New World'/The End
2023-09-13 14:40:24 [SERVER] [INFO] Starting integrated minecraft server version 1.5.2
2023-09-13 14:40:24 [SERVER] [INFO] Generating keypair
2023-09-13 14:40:25 [SERVER] [INFO] Preparing start region for level 0
2023-09-13 14:40:26 [SERVER] [INFO] ...Add-On Handler Loading Custom Language File With Prefix: BTW...
2023-09-13 14:40:26 [SERVER] [INFO] ...Add-On Handler Loading Custom Language File With Prefix: WTB...
2023-09-13 14:40:26 [SERVER] [INFO] ...Add-On Handler Loading Custom Language File With Prefix: WTB...
2023-09-13 14:40:26 [SERVER] [INFO] ...Add-On Handler Loading Custom Language File With Prefix: BTW...
2023-09-13 14:40:26 [SERVER] [INFO] Player243[/127.0.0.1:0] logged in with entity id 295 at (182.92317999025653, 66.1707870772188, 268.42645448691724)
2023-09-13 14:41:00 [SERVER] [INFO] Saving and pausing game...
2023-09-13 14:41:00 [SERVER] [INFO] Saving chunks for level 'New World'/Overworld
2023-09-13 14:41:00 [SERVER] [INFO] Saving chunks for level 'New World'/Nether
2023-09-13 14:41:00 [SERVER] [INFO] Saving chunks for level 'New World'/The End
2023-09-13 14:41:01 [SERVER] [INFO] Stopping server
2023-09-13 14:41:01 [SERVER] [INFO] Saving players
2023-09-13 14:41:01 [SERVER] [INFO] Saving worlds
2023-09-13 14:41:01 [SERVER] [INFO] Saving chunks for level 'New World'/Overworld
2023-09-13 14:41:01 [SERVER] [INFO] Saving chunks for level 'New World'/Nether
2023-09-13 14:41:01 [SERVER] [INFO] Saving chunks for level 'New World'/The End
2023-09-13 14:48:25 [SERVER] [INFO] Starting integrated minecraft server version 1.5.2
2023-09-13 14:48:25 [SERVER] [INFO] Generating keypair
2023-09-13 14:48:26 [SERVER] [INFO] Preparing start region for level 0
2023-09-13 14:48:27 [SERVER] [INFO] ...Add-On Handler Loading Custom Language File With Prefix: BTW...
2023-09-13 14:48:27 [SERVER] [INFO] ...Add-On Handler Loading Custom Language File With Prefix: WTB...
2023-09-13 14:48:27 [SERVER] [INFO] ...Add-On Handler Loading Custom Language File With Prefix: WTB...
2023-09-13 14:48:27 [SERVER] [INFO] ...Add-On Handler Loading Custom Language File With Prefix: BTW...
2023-09-13 14:48:27 [SERVER] [INFO] Player840[/127.0.0.1:0] logged in with entity id 297 at (184.4382626325341, 64.0, 269.15879782026167)
2023-09-13 14:48:29 [SERVER] [INFO] Saving and pausing game...
2023-09-13 14:48:29 [SERVER] [INFO] Saving chunks for level 'New World'/Overworld
2023-09-13 14:48:29 [SERVER] [INFO] Saving chunks for level 'New World'/Nether
2023-09-13 14:48:29 [SERVER] [INFO] Saving chunks for level 'New World'/The End
2023-09-13 14:48:33 [SERVER] [INFO] Saving and pausing game...
2023-09-13 14:48:33 [SERVER] [INFO] Saving chunks for level 'New World'/Overworld
2023-09-13 14:48:33 [SERVER] [INFO] Saving chunks for level 'New World'/Nether
2023-09-13 14:48:33 [SERVER] [INFO] Saving chunks for level 'New World'/The End
2023-09-13 14:48:34 [SERVER] [INFO] Stopping server
2023-09-13 14:48:34 [SERVER] [INFO] Saving players
2023-09-13 14:48:34 [SERVER] [INFO] Saving worlds
2023-09-13 14:48:34 [SERVER] [INFO] Saving chunks for level 'New World'/Overworld
2023-09-13 14:48:34 [SERVER] [INFO] Saving chunks for level 'New World'/Nether
2023-09-13 14:48:34 [SERVER] [INFO] Saving chunks for level 'New World'/The End
